<?xml version="1.0" encoding="UTF-8"?>
<testng-results ignored="0" total="1" passed="1" failed="0" skipped="0">
  <reporter-output>
  </reporter-output>
  <suite started-at="2022-10-10T16:49:58 IST" name="Suite" finished-at="2022-10-10T16:50:02 IST" duration-ms="3461">
    <groups>
    </groups>
    <test started-at="2022-10-10T16:49:58 IST" name="Test" finished-at="2022-10-10T16:50:02 IST" duration-ms="3461">
      <class name="com.SauceDemo.TestClasses.TC01_verifyLoginFunctionality">
        <test-method is-config="true" signature="setUp(java.lang.String)[pri:0, instance:com.SauceDemo.TestClasses.TC01_verifyLoginFunctionality@15c43bd9]" started-at="2022-10-10T16:49:58 IST" name="setUp" finished-at="2022-10-10T16:50:01 IST" duration-ms="3015" status="PASS">
          <params>
            <param index="0">
              <value>
                <![CDATA[Chrome]]>
              </value>
            </param>
          </params>
          <reporter-output>
          </reporter-output>
        </test-method> <!-- setUp -->
        <test-method signature="verifyLoginFunctionality()[pri:0, instance:com.SauceDemo.TestClasses.TC01_verifyLoginFunctionality@15c43bd9]" started-at="2022-10-10T16:50:01 IST" name="verifyLoginFunctionality" finished-at="2022-10-10T16:50:02 IST" duration-ms="310" status="PASS">
          <reporter-output>
          </reporter-output>
        </test-method> <!-- verifyLoginFunctionality -->
        <test-method is-config="true" signature="tearDown()[pri:0, instance:com.SauceDemo.TestClasses.TC01_verifyLoginFunctionality@15c43bd9]" started-at="2022-10-10T16:50:02 IST" name="tearDown" finished-at="2022-10-10T16:50:02 IST" duration-ms="97" status="PASS">
          <reporter-output>
          </reporter-output>
        </test-method> <!-- tearDown -->
      </class> <!-- com.SauceDemo.TestClasses.TC01_verifyLoginFunctionality -->
    </test> <!-- Test -->
  </suite> <!-- Suite -->
</testng-results>
